Determining if the pthread_create exist failed with the following output:
Change Dir: /home/goat/catkin_ws/build/CMakeFiles/CMakeTmp

Run Build Command:"/usr/bin/make" "cmTC_03629/fast"
/usr/bin/make -f CMakeFiles/cmTC_03629.dir/build.make CMakeFiles/cmTC_03629.dir/build
make[1]: Entering directory '/home/goat/catkin_ws/build/CMakeFiles/CMakeTmp'
Building C object CMakeFiles/cmTC_03629.dir/CheckSymbolExists.c.o
/usr/local/bin/cc     -o CMakeFiles/cmTC_03629.dir/CheckSymbolExists.c.o   -c /home/goat/catkin_ws/build/CMakeFiles/CMakeTmp/CheckSymbolExists.c
Linking C executable cmTC_03629
/usr/bin/cmake -E cmake_link_script CMakeFiles/cmTC_03629.dir/link.txt --verbose=1
/usr/local/bin/cc       CMakeFiles/cmTC_03629.dir/CheckSymbolExists.c.o  -o cmTC_03629 -rdynamic 
CMakeFiles/cmTC_03629.dir/CheckSymbolExists.c.o：在函数‘main’中：
CheckSymbolExists.c:(.text+0x16)：对‘pthread_create’未定义的引用
collect2: 错误：ld 返回 1
CMakeFiles/cmTC_03629.dir/build.make:97: recipe for target 'cmTC_03629' failed
make[1]: *** [cmTC_03629] Error 1
make[1]: Leaving directory '/home/goat/catkin_ws/build/CMakeFiles/CMakeTmp'
Makefile:126: recipe for target 'cmTC_03629/fast' failed
make: *** [cmTC_03629/fast] Error 2

File /home/goat/catkin_ws/build/CMakeFiles/CMakeTmp/CheckSymbolExists.c:
/* */
#include <pthread.h>

int main(int argc, char** argv)
{
  (void)argv;
#ifndef pthread_create
  return ((int*)(&pthread_create))[argc];
#else
  (void)argc;
  return 0;
#endif
}

Determining if the function pthread_create exists in the pthreads failed with the following output:
Change Dir: /home/goat/catkin_ws/build/CMakeFiles/CMakeTmp

Run Build Command:"/usr/bin/make" "cmTC_2a314/fast"
/usr/bin/make -f CMakeFiles/cmTC_2a314.dir/build.make CMakeFiles/cmTC_2a314.dir/build
make[1]: Entering directory '/home/goat/catkin_ws/build/CMakeFiles/CMakeTmp'
Building C object CMakeFiles/cmTC_2a314.dir/CheckFunctionExists.c.o
/usr/local/bin/cc    -DCHECK_FUNCTION_EXISTS=pthread_create   -o CMakeFiles/cmTC_2a314.dir/CheckFunctionExists.c.o   -c /usr/share/cmake-3.5/Modules/CheckFunctionExists.c
Linking C executable cmTC_2a314
/usr/bin/cmake -E cmake_link_script CMakeFiles/cmTC_2a314.dir/link.txt --verbose=1
/usr/local/bin/cc   -DCHECK_FUNCTION_EXISTS=pthread_create    CMakeFiles/cmTC_2a314.dir/CheckFunctionExists.c.o  -o cmTC_2a314 -rdynamic -lpthreads 
/usr/bin/ld: 找不到 -lpthreads
collect2: 错误：ld 返回 1
CMakeFiles/cmTC_2a314.dir/build.make:97: recipe for target 'cmTC_2a314' failed
make[1]: *** [cmTC_2a314] Error 1
make[1]: Leaving directory '/home/goat/catkin_ws/build/CMakeFiles/CMakeTmp'
Makefile:126: recipe for target 'cmTC_2a314/fast' failed
make: *** [cmTC_2a314/fast] Error 2


